2024-05-07T09:23:23.064+05:30  INFO 1048 --- [ibm-springboot-demo] [http-nio-8090-exec-2] c.i.s.demo.aspect.EmployeeServiceAspect  : Before a method from EmployeeServiceImpl was invoked.
2024-05-07T09:23:23.090+05:30  INFO 1048 --- [ibm-springboot-demo] [http-nio-8090-exec-2] c.i.s.demo.service.EmployeeServiceImpl   : siddharth
2024-05-07T09:23:23.111+05:30  WARN 1048 --- [ibm-springboot-demo] [http-nio-8090-exec-2] c.i.s.demo.service.EmployeeServiceImpl   : Employee with firstName siddharth is not found!
2024-05-07T09:23:23.111+05:30  INFO 1048 --- [ibm-springboot-demo] [http-nio-8090-exec-2] c.i.s.demo.aspect.EmployeeServiceAspect  : AfterThrowing a method from EmployeeServiceImpl was invoked.
2024-05-07T09:23:23.111+05:30  INFO 1048 --- [ibm-springboot-demo] [http-nio-8090-exec-2] c.i.s.demo.aspect.EmployeeServiceAspect  : After a method from EmployeeServiceImpl was invoked.
2024-05-07T09:23:23.116+05:30  WARN 1048 --- [ibm-springboot-demo] [http-nio-8090-exec-2] .m.m.a.ExceptionHandlerExceptionResolver : Resolved [com.ibm.springboot.demo.exception.EmployeeNotFoundException: Employee with firstName siddharth is not found!]
2024-05-07T09:23:46.950+05:30  INFO 1048 --- [ibm-springboot-demo] [http-nio-8090-exec-1] c.i.s.demo.aspect.EmployeeServiceAspect  : Before a method from EmployeeServiceImpl was invoked.
2024-05-07T09:23:46.951+05:30  INFO 1048 --- [ibm-springboot-demo] [http-nio-8090-exec-1] c.i.s.demo.service.EmployeeServiceImpl   : Ishwar
2024-05-07T09:23:46.963+05:30  INFO 1048 --- [ibm-springboot-demo] [http-nio-8090-exec-1] c.i.s.demo.aspect.EmployeeServiceAspect  : AfterReturing a method from EmployeeServiceImpl was invoked.
2024-05-07T09:23:46.964+05:30  INFO 1048 --- [ibm-springboot-demo] [http-nio-8090-exec-1] c.i.s.demo.aspect.EmployeeServiceAspect  : After a method from EmployeeServiceImpl was invoked.
2024-05-07T09:24:04.729+05:30  INFO 1048 --- [ibm-springboot-demo] [http-nio-8090-exec-4] c.i.s.demo.aspect.EmployeeServiceAspect  : Before a method from EmployeeServiceImpl was invoked.
2024-05-07T09:24:04.735+05:30  INFO 1048 --- [ibm-springboot-demo] [http-nio-8090-exec-4] c.i.s.demo.aspect.EmployeeServiceAspect  : AfterReturing a method from EmployeeServiceImpl was invoked.
2024-05-07T09:24:04.737+05:30  INFO 1048 --- [ibm-springboot-demo] [http-nio-8090-exec-4] c.i.s.demo.aspect.EmployeeServiceAspect  : After a method from EmployeeServiceImpl was invoked.
2024-05-07T09:47:08.454+05:30  INFO 1048 --- [ibm-springboot-demo] [http-nio-8090-exec-7] c.i.s.demo.aspect.EmployeeServiceAspect  : Before a method from EmployeeServiceImpl was invoked.
2024-05-07T09:47:08.455+05:30  INFO 1048 --- [ibm-springboot-demo] [http-nio-8090-exec-7] c.i.s.demo.service.EmployeeServiceImpl   : Ishwar
2024-05-07T09:47:08.461+05:30  INFO 1048 --- [ibm-springboot-demo] [http-nio-8090-exec-7] c.i.s.demo.aspect.EmployeeServiceAspect  : AfterReturing a method from EmployeeServiceImpl was invoked.
2024-05-07T09:47:08.461+05:30  INFO 1048 --- [ibm-springboot-demo] [http-nio-8090-exec-7] c.i.s.demo.aspect.EmployeeServiceAspect  : After a method from EmployeeServiceImpl was invoked.
2024-05-07T09:47:19.915+05:30  INFO 1048 --- [ibm-springboot-demo] [http-nio-8090-exec-6] c.i.s.demo.aspect.EmployeeServiceAspect  : Before a method from EmployeeServiceImpl was invoked.
2024-05-07T09:47:19.916+05:30  INFO 1048 --- [ibm-springboot-demo] [http-nio-8090-exec-6] c.i.s.demo.service.EmployeeServiceImpl   : Ishwar
2024-05-07T09:47:19.920+05:30  INFO 1048 --- [ibm-springboot-demo] [http-nio-8090-exec-6] c.i.s.demo.aspect.EmployeeServiceAspect  : AfterReturing a method from EmployeeServiceImpl was invoked.
2024-05-07T09:47:19.920+05:30  INFO 1048 --- [ibm-springboot-demo] [http-nio-8090-exec-6] c.i.s.demo.aspect.EmployeeServiceAspect  : After a method from EmployeeServiceImpl was invoked.
2024-05-07T09:47:29.971+05:30  INFO 1048 --- [ibm-springboot-demo] [http-nio-8090-exec-5] c.i.s.demo.aspect.EmployeeServiceAspect  : Before a method from EmployeeServiceImpl was invoked.
2024-05-07T09:47:29.976+05:30  INFO 1048 --- [ibm-springboot-demo] [http-nio-8090-exec-5] c.i.s.demo.aspect.EmployeeServiceAspect  : AfterReturing a method from EmployeeServiceImpl was invoked.
2024-05-07T09:47:29.977+05:30  INFO 1048 --- [ibm-springboot-demo] [http-nio-8090-exec-5] c.i.s.demo.aspect.EmployeeServiceAspect  : After a method from EmployeeServiceImpl was invoked.
2024-05-07T09:47:46.886+05:30  INFO 1048 --- [ibm-springboot-demo] [http-nio-8090-exec-9] c.i.s.demo.aspect.EmployeeServiceAspect  : Before a method from EmployeeServiceImpl was invoked.
2024-05-07T09:47:46.893+05:30  INFO 1048 --- [ibm-springboot-demo] [http-nio-8090-exec-9] c.i.s.demo.aspect.EmployeeServiceAspect  : AfterReturing a method from EmployeeServiceImpl was invoked.
2024-05-07T09:47:46.894+05:30  INFO 1048 --- [ibm-springboot-demo] [http-nio-8090-exec-9] c.i.s.demo.aspect.EmployeeServiceAspect  : After a method from EmployeeServiceImpl was invoked.
2024-05-07T09:48:48.436+05:30  INFO 1048 --- [ibm-springboot-demo] [http-nio-8090-exec-8] c.i.s.demo.aspect.EmployeeServiceAspect  : Before a method from EmployeeServiceImpl was invoked.
2024-05-07T09:48:48.443+05:30  INFO 1048 --- [ibm-springboot-demo] [http-nio-8090-exec-8] c.i.s.demo.aspect.EmployeeServiceAspect  : AfterReturing a method from EmployeeServiceImpl was invoked.
2024-05-07T09:48:48.443+05:30  INFO 1048 --- [ibm-springboot-demo] [http-nio-8090-exec-8] c.i.s.demo.aspect.EmployeeServiceAspect  : After a method from EmployeeServiceImpl was invoked.
2024-05-07T09:49:23.234+05:30  INFO 1048 --- [ibm-springboot-demo] [http-nio-8090-exec-2] c.i.s.demo.aspect.EmployeeServiceAspect  : Before a method from EmployeeServiceImpl was invoked.
2024-05-07T09:49:23.243+05:30  INFO 1048 --- [ibm-springboot-demo] [http-nio-8090-exec-2] c.i.s.demo.aspect.EmployeeServiceAspect  : AfterReturing a method from EmployeeServiceImpl was invoked.
2024-05-07T09:49:23.243+05:30  INFO 1048 --- [ibm-springboot-demo] [http-nio-8090-exec-2] c.i.s.demo.aspect.EmployeeServiceAspect  : After a method from EmployeeServiceImpl was invoked.
2024-05-07T10:27:18.893+05:30  INFO 1048 --- [ibm-springboot-demo] [http-nio-8090-exec-4] c.i.s.demo.aspect.EmployeeServiceAspect  : Before a method from EmployeeServiceImpl was invoked.
2024-05-07T10:27:18.894+05:30  INFO 1048 --- [ibm-springboot-demo] [http-nio-8090-exec-4] c.i.s.demo.service.EmployeeServiceImpl   : Ishwar
2024-05-07T10:27:18.904+05:30  INFO 1048 --- [ibm-springboot-demo] [http-nio-8090-exec-4] c.i.s.demo.aspect.EmployeeServiceAspect  : AfterReturing a method from EmployeeServiceImpl was invoked.
2024-05-07T10:27:18.905+05:30  INFO 1048 --- [ibm-springboot-demo] [http-nio-8090-exec-4] c.i.s.demo.aspect.EmployeeServiceAspect  : After a method from EmployeeServiceImpl was invoked.
2024-05-07T10:27:36.636+05:30  INFO 1048 --- [ibm-springboot-demo] [http-nio-8090-exec-3] c.i.s.demo.aspect.EmployeeServiceAspect  : Before a method from EmployeeServiceImpl was invoked.
2024-05-07T10:27:36.641+05:30  WARN 1048 --- [ibm-springboot-demo] [http-nio-8090-exec-3] c.i.s.demo.service.EmployeeServiceImpl   : Employee with the id 663868b83d35eb692f9099f3 is not found!
2024-05-07T10:27:36.644+05:30  INFO 1048 --- [ibm-springboot-demo] [http-nio-8090-exec-3] c.i.s.demo.aspect.EmployeeServiceAspect  : AfterThrowing a method from EmployeeServiceImpl was invoked.
2024-05-07T10:27:36.645+05:30  INFO 1048 --- [ibm-springboot-demo] [http-nio-8090-exec-3] c.i.s.demo.aspect.EmployeeServiceAspect  : After a method from EmployeeServiceImpl was invoked.
2024-05-07T10:27:36.651+05:30  WARN 1048 --- [ibm-springboot-demo] [http-nio-8090-exec-3] .m.m.a.ExceptionHandlerExceptionResolver : Resolved [com.ibm.springboot.demo.exception.EmployeeNotFoundException: Employee with the id 663868b83d35eb692f9099f3 is not found!]
2024-05-07T10:31:29.526+05:30  INFO 1048 --- [ibm-springboot-demo] [http-nio-8090-exec-6] c.i.s.demo.aspect.EmployeeServiceAspect  : Before a method from EmployeeServiceImpl was invoked.
2024-05-07T10:31:29.531+05:30  WARN 1048 --- [ibm-springboot-demo] [http-nio-8090-exec-6] c.i.s.demo.service.EmployeeServiceImpl   : Employee with the id 663868b83d35eb692f9099f3 is not found!
2024-05-07T10:31:29.532+05:30  INFO 1048 --- [ibm-springboot-demo] [http-nio-8090-exec-6] c.i.s.demo.aspect.EmployeeServiceAspect  : AfterThrowing a method from EmployeeServiceImpl was invoked.
2024-05-07T10:31:29.532+05:30  INFO 1048 --- [ibm-springboot-demo] [http-nio-8090-exec-6] c.i.s.demo.aspect.EmployeeServiceAspect  : After a method from EmployeeServiceImpl was invoked.
2024-05-07T10:31:29.533+05:30  WARN 1048 --- [ibm-springboot-demo] [http-nio-8090-exec-6] .m.m.a.ExceptionHandlerExceptionResolver : Resolved [com.ibm.springboot.demo.exception.EmployeeNotFoundException: Employee with the id 663868b83d35eb692f9099f3 is not found!]
2024-05-07T10:38:49.656+05:30  INFO 1048 --- [ibm-springboot-demo] [http-nio-8090-exec-9] c.i.s.demo.aspect.EmployeeServiceAspect  : Before a method from EmployeeServiceImpl was invoked.
2024-05-07T10:38:49.661+05:30  WARN 1048 --- [ibm-springboot-demo] [http-nio-8090-exec-9] c.i.s.demo.service.EmployeeServiceImpl   : Employee with the id 663868b83d35eb692f9099f3 is not found!
2024-05-07T10:38:49.661+05:30  INFO 1048 --- [ibm-springboot-demo] [http-nio-8090-exec-9] c.i.s.demo.aspect.EmployeeServiceAspect  : AfterThrowing a method from EmployeeServiceImpl was invoked.
2024-05-07T10:38:49.661+05:30  INFO 1048 --- [ibm-springboot-demo] [http-nio-8090-exec-9] c.i.s.demo.aspect.EmployeeServiceAspect  : After a method from EmployeeServiceImpl was invoked.
2024-05-07T10:38:49.663+05:30  WARN 1048 --- [ibm-springboot-demo] [http-nio-8090-exec-9] .m.m.a.ExceptionHandlerExceptionResolver : Resolved [com.ibm.springboot.demo.exception.EmployeeNotFoundException: Employee with the id 663868b83d35eb692f9099f3 is not found!]
2024-05-07T10:38:50.416+05:30  INFO 1048 --- [ibm-springboot-demo] [http-nio-8090-exec-10] c.i.s.demo.aspect.EmployeeServiceAspect  : Before a method from EmployeeServiceImpl was invoked.
2024-05-07T10:38:50.423+05:30  WARN 1048 --- [ibm-springboot-demo] [http-nio-8090-exec-10] c.i.s.demo.service.EmployeeServiceImpl   : Employee with the id 663868b83d35eb692f9099f3 is not found!
2024-05-07T10:38:50.424+05:30  INFO 1048 --- [ibm-springboot-demo] [http-nio-8090-exec-10] c.i.s.demo.aspect.EmployeeServiceAspect  : AfterThrowing a method from EmployeeServiceImpl was invoked.
2024-05-07T10:38:50.424+05:30  INFO 1048 --- [ibm-springboot-demo] [http-nio-8090-exec-10] c.i.s.demo.aspect.EmployeeServiceAspect  : After a method from EmployeeServiceImpl was invoked.
2024-05-07T10:38:50.425+05:30  WARN 1048 --- [ibm-springboot-demo] [http-nio-8090-exec-10] .m.m.a.ExceptionHandlerExceptionResolver : Resolved [com.ibm.springboot.demo.exception.EmployeeNotFoundException: Employee with the id 663868b83d35eb692f9099f3 is not found!]
2024-05-07T10:38:50.618+05:30  INFO 1048 --- [ibm-springboot-demo] [http-nio-8090-exec-8] c.i.s.demo.aspect.EmployeeServiceAspect  : Before a method from EmployeeServiceImpl was invoked.
2024-05-07T10:38:50.621+05:30  WARN 1048 --- [ibm-springboot-demo] [http-nio-8090-exec-8] c.i.s.demo.service.EmployeeServiceImpl   : Employee with the id 663868b83d35eb692f9099f3 is not found!
2024-05-07T10:38:50.621+05:30  INFO 1048 --- [ibm-springboot-demo] [http-nio-8090-exec-8] c.i.s.demo.aspect.EmployeeServiceAspect  : AfterThrowing a method from EmployeeServiceImpl was invoked.
2024-05-07T10:38:50.622+05:30  INFO 1048 --- [ibm-springboot-demo] [http-nio-8090-exec-8] c.i.s.demo.aspect.EmployeeServiceAspect  : After a method from EmployeeServiceImpl was invoked.
2024-05-07T10:38:50.623+05:30  WARN 1048 --- [ibm-springboot-demo] [http-nio-8090-exec-8] .m.m.a.ExceptionHandlerExceptionResolver : Resolved [com.ibm.springboot.demo.exception.EmployeeNotFoundException: Employee with the id 663868b83d35eb692f9099f3 is not found!]
2024-05-07T10:38:50.822+05:30  INFO 1048 --- [ibm-springboot-demo] [http-nio-8090-exec-2] c.i.s.demo.aspect.EmployeeServiceAspect  : Before a method from EmployeeServiceImpl was invoked.
2024-05-07T10:38:50.826+05:30  WARN 1048 --- [ibm-springboot-demo] [http-nio-8090-exec-2] c.i.s.demo.service.EmployeeServiceImpl   : Employee with the id 663868b83d35eb692f9099f3 is not found!
2024-05-07T10:38:50.827+05:30  INFO 1048 --- [ibm-springboot-demo] [http-nio-8090-exec-2] c.i.s.demo.aspect.EmployeeServiceAspect  : AfterThrowing a method from EmployeeServiceImpl was invoked.
2024-05-07T10:38:50.827+05:30  INFO 1048 --- [ibm-springboot-demo] [http-nio-8090-exec-2] c.i.s.demo.aspect.EmployeeServiceAspect  : After a method from EmployeeServiceImpl was invoked.
2024-05-07T10:38:50.828+05:30  WARN 1048 --- [ibm-springboot-demo] [http-nio-8090-exec-2] .m.m.a.ExceptionHandlerExceptionResolver : Resolved [com.ibm.springboot.demo.exception.EmployeeNotFoundException: Employee with the id 663868b83d35eb692f9099f3 is not found!]
2024-05-07T10:38:51.015+05:30  INFO 1048 --- [ibm-springboot-demo] [http-nio-8090-exec-1] c.i.s.demo.aspect.EmployeeServiceAspect  : Before a method from EmployeeServiceImpl was invoked.
2024-05-07T10:38:51.026+05:30  WARN 1048 --- [ibm-springboot-demo] [http-nio-8090-exec-1] c.i.s.demo.service.EmployeeServiceImpl   : Employee with the id 663868b83d35eb692f9099f3 is not found!
2024-05-07T10:38:51.027+05:30  INFO 1048 --- [ibm-springboot-demo] [http-nio-8090-exec-1] c.i.s.demo.aspect.EmployeeServiceAspect  : AfterThrowing a method from EmployeeServiceImpl was invoked.
2024-05-07T10:38:51.027+05:30  INFO 1048 --- [ibm-springboot-demo] [http-nio-8090-exec-1] c.i.s.demo.aspect.EmployeeServiceAspect  : After a method from EmployeeServiceImpl was invoked.
2024-05-07T10:38:51.027+05:30  WARN 1048 --- [ibm-springboot-demo] [http-nio-8090-exec-1] .m.m.a.ExceptionHandlerExceptionResolver : Resolved [com.ibm.springboot.demo.exception.EmployeeNotFoundException: Employee with the id 663868b83d35eb692f9099f3 is not found!]
2024-05-07T10:38:51.170+05:30  INFO 1048 --- [ibm-springboot-demo] [http-nio-8090-exec-4] c.i.s.demo.aspect.EmployeeServiceAspect  : Before a method from EmployeeServiceImpl was invoked.
2024-05-07T10:38:51.174+05:30  WARN 1048 --- [ibm-springboot-demo] [http-nio-8090-exec-4] c.i.s.demo.service.EmployeeServiceImpl   : Employee with the id 663868b83d35eb692f9099f3 is not found!
2024-05-07T10:38:51.175+05:30  INFO 1048 --- [ibm-springboot-demo] [http-nio-8090-exec-4] c.i.s.demo.aspect.EmployeeServiceAspect  : AfterThrowing a method from EmployeeServiceImpl was invoked.
2024-05-07T10:38:51.175+05:30  INFO 1048 --- [ibm-springboot-demo] [http-nio-8090-exec-4] c.i.s.demo.aspect.EmployeeServiceAspect  : After a method from EmployeeServiceImpl was invoked.
2024-05-07T10:38:51.176+05:30  WARN 1048 --- [ibm-springboot-demo] [http-nio-8090-exec-4] .m.m.a.ExceptionHandlerExceptionResolver : Resolved [com.ibm.springboot.demo.exception.EmployeeNotFoundException: Employee with the id 663868b83d35eb692f9099f3 is not found!]
2024-05-07T10:38:51.359+05:30  INFO 1048 --- [ibm-springboot-demo] [http-nio-8090-exec-3] c.i.s.demo.aspect.EmployeeServiceAspect  : Before a method from EmployeeServiceImpl was invoked.
2024-05-07T10:38:51.364+05:30  WARN 1048 --- [ibm-springboot-demo] [http-nio-8090-exec-3] c.i.s.demo.service.EmployeeServiceImpl   : Employee with the id 663868b83d35eb692f9099f3 is not found!
2024-05-07T10:38:51.365+05:30  INFO 1048 --- [ibm-springboot-demo] [http-nio-8090-exec-3] c.i.s.demo.aspect.EmployeeServiceAspect  : AfterThrowing a method from EmployeeServiceImpl was invoked.
2024-05-07T10:38:51.365+05:30  INFO 1048 --- [ibm-springboot-demo] [http-nio-8090-exec-3] c.i.s.demo.aspect.EmployeeServiceAspect  : After a method from EmployeeServiceImpl was invoked.
2024-05-07T10:38:51.365+05:30  WARN 1048 --- [ibm-springboot-demo] [http-nio-8090-exec-3] .m.m.a.ExceptionHandlerExceptionResolver : Resolved [com.ibm.springboot.demo.exception.EmployeeNotFoundException: Employee with the id 663868b83d35eb692f9099f3 is not found!]
2024-05-07T10:38:51.507+05:30  INFO 1048 --- [ibm-springboot-demo] [http-nio-8090-exec-7] c.i.s.demo.aspect.EmployeeServiceAspect  : Before a method from EmployeeServiceImpl was invoked.
2024-05-07T10:38:51.527+05:30  WARN 1048 --- [ibm-springboot-demo] [http-nio-8090-exec-7] c.i.s.demo.service.EmployeeServiceImpl   : Employee with the id 663868b83d35eb692f9099f3 is not found!
2024-05-07T10:38:51.527+05:30  INFO 1048 --- [ibm-springboot-demo] [http-nio-8090-exec-7] c.i.s.demo.aspect.EmployeeServiceAspect  : AfterThrowing a method from EmployeeServiceImpl was invoked.
2024-05-07T10:38:51.528+05:30  INFO 1048 --- [ibm-springboot-demo] [http-nio-8090-exec-7] c.i.s.demo.aspect.EmployeeServiceAspect  : After a method from EmployeeServiceImpl was invoked.
2024-05-07T10:38:51.529+05:30  WARN 1048 --- [ibm-springboot-demo] [http-nio-8090-exec-7] .m.m.a.ExceptionHandlerExceptionResolver : Resolved [com.ibm.springboot.demo.exception.EmployeeNotFoundException: Employee with the id 663868b83d35eb692f9099f3 is not found!]
2024-05-07T10:38:51.679+05:30  INFO 1048 --- [ibm-springboot-demo] [http-nio-8090-exec-6] c.i.s.demo.aspect.EmployeeServiceAspect  : Before a method from EmployeeServiceImpl was invoked.
2024-05-07T10:38:51.683+05:30  WARN 1048 --- [ibm-springboot-demo] [http-nio-8090-exec-6] c.i.s.demo.service.EmployeeServiceImpl   : Employee with the id 663868b83d35eb692f9099f3 is not found!
2024-05-07T10:38:51.683+05:30  INFO 1048 --- [ibm-springboot-demo] [http-nio-8090-exec-6] c.i.s.demo.aspect.EmployeeServiceAspect  : AfterThrowing a method from EmployeeServiceImpl was invoked.
2024-05-07T10:38:51.683+05:30  INFO 1048 --- [ibm-springboot-demo] [http-nio-8090-exec-6] c.i.s.demo.aspect.EmployeeServiceAspect  : After a method from EmployeeServiceImpl was invoked.
2024-05-07T10:38:51.685+05:30  WARN 1048 --- [ibm-springboot-demo] [http-nio-8090-exec-6] .m.m.a.ExceptionHandlerExceptionResolver : Resolved [com.ibm.springboot.demo.exception.EmployeeNotFoundException: Employee with the id 663868b83d35eb692f9099f3 is not found!]
2024-05-07T10:38:51.877+05:30  INFO 1048 --- [ibm-springboot-demo] [http-nio-8090-exec-5] c.i.s.demo.aspect.EmployeeServiceAspect  : Before a method from EmployeeServiceImpl was invoked.
2024-05-07T10:38:51.881+05:30  WARN 1048 --- [ibm-springboot-demo] [http-nio-8090-exec-5] c.i.s.demo.service.EmployeeServiceImpl   : Employee with the id 663868b83d35eb692f9099f3 is not found!
2024-05-07T10:38:51.885+05:30  INFO 1048 --- [ibm-springboot-demo] [http-nio-8090-exec-5] c.i.s.demo.aspect.EmployeeServiceAspect  : AfterThrowing a method from EmployeeServiceImpl was invoked.
2024-05-07T10:38:51.885+05:30  INFO 1048 --- [ibm-springboot-demo] [http-nio-8090-exec-5] c.i.s.demo.aspect.EmployeeServiceAspect  : After a method from EmployeeServiceImpl was invoked.
2024-05-07T10:38:51.888+05:30  WARN 1048 --- [ibm-springboot-demo] [http-nio-8090-exec-5] .m.m.a.ExceptionHandlerExceptionResolver : Resolved [com.ibm.springboot.demo.exception.EmployeeNotFoundException: Employee with the id 663868b83d35eb692f9099f3 is not found!]
2024-05-07T10:38:53.071+05:30  INFO 1048 --- [ibm-springboot-demo] [http-nio-8090-exec-9] c.i.s.demo.aspect.EmployeeServiceAspect  : Before a method from EmployeeServiceImpl was invoked.
2024-05-07T10:38:53.074+05:30  WARN 1048 --- [ibm-springboot-demo] [http-nio-8090-exec-9] c.i.s.demo.service.EmployeeServiceImpl   : Employee with the id 663868b83d35eb692f9099f3 is not found!
2024-05-07T10:38:53.074+05:30  INFO 1048 --- [ibm-springboot-demo] [http-nio-8090-exec-9] c.i.s.demo.aspect.EmployeeServiceAspect  : AfterThrowing a method from EmployeeServiceImpl was invoked.
2024-05-07T10:38:53.074+05:30  INFO 1048 --- [ibm-springboot-demo] [http-nio-8090-exec-9] c.i.s.demo.aspect.EmployeeServiceAspect  : After a method from EmployeeServiceImpl was invoked.
2024-05-07T10:38:53.075+05:30  WARN 1048 --- [ibm-springboot-demo] [http-nio-8090-exec-9] .m.m.a.ExceptionHandlerExceptionResolver : Resolved [com.ibm.springboot.demo.exception.EmployeeNotFoundException: Employee with the id 663868b83d35eb692f9099f3 is not found!]
2024-05-07T10:38:53.404+05:30  INFO 1048 --- [ibm-springboot-demo] [http-nio-8090-exec-10] c.i.s.demo.aspect.EmployeeServiceAspect  : Before a method from EmployeeServiceImpl was invoked.
2024-05-07T10:38:53.407+05:30  WARN 1048 --- [ibm-springboot-demo] [http-nio-8090-exec-10] c.i.s.demo.service.EmployeeServiceImpl   : Employee with the id 663868b83d35eb692f9099f3 is not found!
2024-05-07T10:38:53.407+05:30  INFO 1048 --- [ibm-springboot-demo] [http-nio-8090-exec-10] c.i.s.demo.aspect.EmployeeServiceAspect  : AfterThrowing a method from EmployeeServiceImpl was invoked.
2024-05-07T10:38:53.407+05:30  INFO 1048 --- [ibm-springboot-demo] [http-nio-8090-exec-10] c.i.s.demo.aspect.EmployeeServiceAspect  : After a method from EmployeeServiceImpl was invoked.
2024-05-07T10:38:53.408+05:30  WARN 1048 --- [ibm-springboot-demo] [http-nio-8090-exec-10] .m.m.a.ExceptionHandlerExceptionResolver : Resolved [com.ibm.springboot.demo.exception.EmployeeNotFoundException: Employee with the id 663868b83d35eb692f9099f3 is not found!]
2024-05-07T10:38:53.612+05:30  INFO 1048 --- [ibm-springboot-demo] [http-nio-8090-exec-8] c.i.s.demo.aspect.EmployeeServiceAspect  : Before a method from EmployeeServiceImpl was invoked.
2024-05-07T10:38:53.615+05:30  WARN 1048 --- [ibm-springboot-demo] [http-nio-8090-exec-8] c.i.s.demo.service.EmployeeServiceImpl   : Employee with the id 663868b83d35eb692f9099f3 is not found!
2024-05-07T10:38:53.615+05:30  INFO 1048 --- [ibm-springboot-demo] [http-nio-8090-exec-8] c.i.s.demo.aspect.EmployeeServiceAspect  : AfterThrowing a method from EmployeeServiceImpl was invoked.
2024-05-07T10:38:53.616+05:30  INFO 1048 --- [ibm-springboot-demo] [http-nio-8090-exec-8] c.i.s.demo.aspect.EmployeeServiceAspect  : After a method from EmployeeServiceImpl was invoked.
2024-05-07T10:38:53.616+05:30  WARN 1048 --- [ibm-springboot-demo] [http-nio-8090-exec-8] .m.m.a.ExceptionHandlerExceptionResolver : Resolved [com.ibm.springboot.demo.exception.EmployeeNotFoundException: Employee with the id 663868b83d35eb692f9099f3 is not found!]
2024-05-07T10:38:53.795+05:30  INFO 1048 --- [ibm-springboot-demo] [http-nio-8090-exec-2] c.i.s.demo.aspect.EmployeeServiceAspect  : Before a method from EmployeeServiceImpl was invoked.
2024-05-07T10:38:53.800+05:30  WARN 1048 --- [ibm-springboot-demo] [http-nio-8090-exec-2] c.i.s.demo.service.EmployeeServiceImpl   : Employee with the id 663868b83d35eb692f9099f3 is not found!
2024-05-07T10:38:53.800+05:30  INFO 1048 --- [ibm-springboot-demo] [http-nio-8090-exec-2] c.i.s.demo.aspect.EmployeeServiceAspect  : AfterThrowing a method from EmployeeServiceImpl was invoked.
2024-05-07T10:38:53.800+05:30  INFO 1048 --- [ibm-springboot-demo] [http-nio-8090-exec-2] c.i.s.demo.aspect.EmployeeServiceAspect  : After a method from EmployeeServiceImpl was invoked.
2024-05-07T10:38:53.801+05:30  WARN 1048 --- [ibm-springboot-demo] [http-nio-8090-exec-2] .m.m.a.ExceptionHandlerExceptionResolver : Resolved [com.ibm.springboot.demo.exception.EmployeeNotFoundException: Employee with the id 663868b83d35eb692f9099f3 is not found!]
2024-05-07T10:38:53.991+05:30  INFO 1048 --- [ibm-springboot-demo] [http-nio-8090-exec-1] c.i.s.demo.aspect.EmployeeServiceAspect  : Before a method from EmployeeServiceImpl was invoked.
2024-05-07T10:38:53.993+05:30  WARN 1048 --- [ibm-springboot-demo] [http-nio-8090-exec-1] c.i.s.demo.service.EmployeeServiceImpl   : Employee with the id 663868b83d35eb692f9099f3 is not found!
2024-05-07T10:38:53.993+05:30  INFO 1048 --- [ibm-springboot-demo] [http-nio-8090-exec-1] c.i.s.demo.aspect.EmployeeServiceAspect  : AfterThrowing a method from EmployeeServiceImpl was invoked.
2024-05-07T10:38:53.993+05:30  INFO 1048 --- [ibm-springboot-demo] [http-nio-8090-exec-1] c.i.s.demo.aspect.EmployeeServiceAspect  : After a method from EmployeeServiceImpl was invoked.
2024-05-07T10:38:53.994+05:30  WARN 1048 --- [ibm-springboot-demo] [http-nio-8090-exec-1] .m.m.a.ExceptionHandlerExceptionResolver : Resolved [com.ibm.springboot.demo.exception.EmployeeNotFoundException: Employee with the id 663868b83d35eb692f9099f3 is not found!]
2024-05-07T10:38:54.158+05:30  INFO 1048 --- [ibm-springboot-demo] [http-nio-8090-exec-4] c.i.s.demo.aspect.EmployeeServiceAspect  : Before a method from EmployeeServiceImpl was invoked.
2024-05-07T10:38:54.165+05:30  WARN 1048 --- [ibm-springboot-demo] [http-nio-8090-exec-4] c.i.s.demo.service.EmployeeServiceImpl   : Employee with the id 663868b83d35eb692f9099f3 is not found!
2024-05-07T10:38:54.165+05:30  INFO 1048 --- [ibm-springboot-demo] [http-nio-8090-exec-4] c.i.s.demo.aspect.EmployeeServiceAspect  : AfterThrowing a method from EmployeeServiceImpl was invoked.
2024-05-07T10:38:54.165+05:30  INFO 1048 --- [ibm-springboot-demo] [http-nio-8090-exec-4] c.i.s.demo.aspect.EmployeeServiceAspect  : After a method from EmployeeServiceImpl was invoked.
2024-05-07T10:38:54.167+05:30  WARN 1048 --- [ibm-springboot-demo] [http-nio-8090-exec-4] .m.m.a.ExceptionHandlerExceptionResolver : Resolved [com.ibm.springboot.demo.exception.EmployeeNotFoundException: Employee with the id 663868b83d35eb692f9099f3 is not found!]
2024-05-07T10:38:54.336+05:30  INFO 1048 --- [ibm-springboot-demo] [http-nio-8090-exec-3] c.i.s.demo.aspect.EmployeeServiceAspect  : Before a method from EmployeeServiceImpl was invoked.
2024-05-07T10:38:54.339+05:30  WARN 1048 --- [ibm-springboot-demo] [http-nio-8090-exec-3] c.i.s.demo.service.EmployeeServiceImpl   : Employee with the id 663868b83d35eb692f9099f3 is not found!
2024-05-07T10:38:54.339+05:30  INFO 1048 --- [ibm-springboot-demo] [http-nio-8090-exec-3] c.i.s.demo.aspect.EmployeeServiceAspect  : AfterThrowing a method from EmployeeServiceImpl was invoked.
2024-05-07T10:38:54.340+05:30  INFO 1048 --- [ibm-springboot-demo] [http-nio-8090-exec-3] c.i.s.demo.aspect.EmployeeServiceAspect  : After a method from EmployeeServiceImpl was invoked.
2024-05-07T10:38:54.340+05:30  WARN 1048 --- [ibm-springboot-demo] [http-nio-8090-exec-3] .m.m.a.ExceptionHandlerExceptionResolver : Resolved [com.ibm.springboot.demo.exception.EmployeeNotFoundException: Employee with the id 663868b83d35eb692f9099f3 is not found!]
2024-05-07T10:38:54.513+05:30  INFO 1048 --- [ibm-springboot-demo] [http-nio-8090-exec-7] c.i.s.demo.aspect.EmployeeServiceAspect  : Before a method from EmployeeServiceImpl was invoked.
2024-05-07T10:38:54.515+05:30  WARN 1048 --- [ibm-springboot-demo] [http-nio-8090-exec-7] c.i.s.demo.service.EmployeeServiceImpl   : Employee with the id 663868b83d35eb692f9099f3 is not found!
2024-05-07T10:38:54.516+05:30  INFO 1048 --- [ibm-springboot-demo] [http-nio-8090-exec-7] c.i.s.demo.aspect.EmployeeServiceAspect  : AfterThrowing a method from EmployeeServiceImpl was invoked.
2024-05-07T10:38:54.516+05:30  INFO 1048 --- [ibm-springboot-demo] [http-nio-8090-exec-7] c.i.s.demo.aspect.EmployeeServiceAspect  : After a method from EmployeeServiceImpl was invoked.
2024-05-07T10:38:54.516+05:30  WARN 1048 --- [ibm-springboot-demo] [http-nio-8090-exec-7] .m.m.a.ExceptionHandlerExceptionResolver : Resolved [com.ibm.springboot.demo.exception.EmployeeNotFoundException: Employee with the id 663868b83d35eb692f9099f3 is not found!]
2024-05-07T10:38:54.690+05:30  INFO 1048 --- [ibm-springboot-demo] [http-nio-8090-exec-6] c.i.s.demo.aspect.EmployeeServiceAspect  : Before a method from EmployeeServiceImpl was invoked.
2024-05-07T10:38:54.693+05:30  WARN 1048 --- [ibm-springboot-demo] [http-nio-8090-exec-6] c.i.s.demo.service.EmployeeServiceImpl   : Employee with the id 663868b83d35eb692f9099f3 is not found!
2024-05-07T10:38:54.693+05:30  INFO 1048 --- [ibm-springboot-demo] [http-nio-8090-exec-6] c.i.s.demo.aspect.EmployeeServiceAspect  : AfterThrowing a method from EmployeeServiceImpl was invoked.
2024-05-07T10:38:54.693+05:30  INFO 1048 --- [ibm-springboot-demo] [http-nio-8090-exec-6] c.i.s.demo.aspect.EmployeeServiceAspect  : After a method from EmployeeServiceImpl was invoked.
2024-05-07T10:38:54.694+05:30  WARN 1048 --- [ibm-springboot-demo] [http-nio-8090-exec-6] .m.m.a.ExceptionHandlerExceptionResolver : Resolved [com.ibm.springboot.demo.exception.EmployeeNotFoundException: Employee with the id 663868b83d35eb692f9099f3 is not found!]
2024-05-07T10:38:54.880+05:30  INFO 1048 --- [ibm-springboot-demo] [http-nio-8090-exec-5] c.i.s.demo.aspect.EmployeeServiceAspect  : Before a method from EmployeeServiceImpl was invoked.
2024-05-07T10:38:54.883+05:30  WARN 1048 --- [ibm-springboot-demo] [http-nio-8090-exec-5] c.i.s.demo.service.EmployeeServiceImpl   : Employee with the id 663868b83d35eb692f9099f3 is not found!
2024-05-07T10:38:54.884+05:30  INFO 1048 --- [ibm-springboot-demo] [http-nio-8090-exec-5] c.i.s.demo.aspect.EmployeeServiceAspect  : AfterThrowing a method from EmployeeServiceImpl was invoked.
2024-05-07T10:38:54.884+05:30  INFO 1048 --- [ibm-springboot-demo] [http-nio-8090-exec-5] c.i.s.demo.aspect.EmployeeServiceAspect  : After a method from EmployeeServiceImpl was invoked.
2024-05-07T10:38:54.885+05:30  WARN 1048 --- [ibm-springboot-demo] [http-nio-8090-exec-5] .m.m.a.ExceptionHandlerExceptionResolver : Resolved [com.ibm.springboot.demo.exception.EmployeeNotFoundException: Employee with the id 663868b83d35eb692f9099f3 is not found!]
2024-05-07T10:38:55.078+05:30  INFO 1048 --- [ibm-springboot-demo] [http-nio-8090-exec-9] c.i.s.demo.aspect.EmployeeServiceAspect  : Before a method from EmployeeServiceImpl was invoked.
2024-05-07T10:38:55.085+05:30  WARN 1048 --- [ibm-springboot-demo] [http-nio-8090-exec-9] c.i.s.demo.service.EmployeeServiceImpl   : Employee with the id 663868b83d35eb692f9099f3 is not found!
2024-05-07T10:38:55.085+05:30  INFO 1048 --- [ibm-springboot-demo] [http-nio-8090-exec-9] c.i.s.demo.aspect.EmployeeServiceAspect  : AfterThrowing a method from EmployeeServiceImpl was invoked.
2024-05-07T10:38:55.085+05:30  INFO 1048 --- [ibm-springboot-demo] [http-nio-8090-exec-9] c.i.s.demo.aspect.EmployeeServiceAspect  : After a method from EmployeeServiceImpl was invoked.
2024-05-07T10:38:55.086+05:30  WARN 1048 --- [ibm-springboot-demo] [http-nio-8090-exec-9] .m.m.a.ExceptionHandlerExceptionResolver : Resolved [com.ibm.springboot.demo.exception.EmployeeNotFoundException: Employee with the id 663868b83d35eb692f9099f3 is not found!]
2024-05-07T10:49:25.382+05:30  INFO 1048 --- [ibm-springboot-demo] [http-nio-8090-exec-8] c.i.s.demo.aspect.EmployeeServiceAspect  : Before a method from EmployeeServiceImpl was invoked.
2024-05-07T10:49:25.389+05:30  WARN 1048 --- [ibm-springboot-demo] [http-nio-8090-exec-8] c.i.s.demo.service.EmployeeServiceImpl   : Employee with the id 663868b83d35eb692f9099f3 is not found!
2024-05-07T10:49:25.389+05:30  INFO 1048 --- [ibm-springboot-demo] [http-nio-8090-exec-8] c.i.s.demo.aspect.EmployeeServiceAspect  : AfterThrowing a method from EmployeeServiceImpl was invoked.
2024-05-07T10:49:25.389+05:30  INFO 1048 --- [ibm-springboot-demo] [http-nio-8090-exec-8] c.i.s.demo.aspect.EmployeeServiceAspect  : After a method from EmployeeServiceImpl was invoked.
2024-05-07T10:49:25.390+05:30  WARN 1048 --- [ibm-springboot-demo] [http-nio-8090-exec-8] .m.m.a.ExceptionHandlerExceptionResolver : Resolved [com.ibm.springboot.demo.exception.EmployeeNotFoundException: Employee with the id 663868b83d35eb692f9099f3 is not found!]
2024-05-07T10:50:19.932+05:30  INFO 1048 --- [ibm-springboot-demo] [http-nio-8090-exec-2] c.i.s.demo.aspect.EmployeeServiceAspect  : Before a method from EmployeeServiceImpl was invoked.
2024-05-07T10:50:19.937+05:30  INFO 1048 --- [ibm-springboot-demo] [http-nio-8090-exec-2] c.i.s.demo.aspect.EmployeeServiceAspect  : AfterReturing a method from EmployeeServiceImpl was invoked.
2024-05-07T10:50:19.938+05:30  INFO 1048 --- [ibm-springboot-demo] [http-nio-8090-exec-2] c.i.s.demo.aspect.EmployeeServiceAspect  : After a method from EmployeeServiceImpl was invoked.
2024-05-07T12:48:57.978+05:30  INFO 1048 --- [ibm-springboot-demo] [File Watcher] rtingClassPathChangeChangedEventListener : Restarting due to 1 class path change (0 additions, 0 deletions, 1 modification)
2024-05-07T12:48:58.169+05:30  INFO 1048 --- [ibm-springboot-demo] [restartedMain] com.ibm.springboot.demo.App              : Starting.....
2024-05-07T12:48:58.169+05:30  WARN 1048 --- [ibm-springboot-demo] [restartedMain] com.ibm.springboot.demo.App              : It's a warning........
2024-05-07T12:48:58.169+05:30 ERROR 1048 --- [ibm-springboot-demo] [restartedMain] com.ibm.springboot.demo.App              : It's an error.........
2024-05-07T12:48:58.195+05:30  INFO 1048 --- [ibm-springboot-demo] [restartedMain] com.ibm.springboot.demo.App              : Starting App using Java 17.0.10 with PID 1048 (C:\STS\Workspace\ibm-springboot-demo\ibm-springboot-demo\target\classes started by IshwarWani in C:\STS\Workspace\ibm-springboot-demo\ibm-springboot-demo)
2024-05-07T12:48:58.195+05:30  INFO 1048 --- [ibm-springboot-demo] [restartedMain] com.ibm.springboot.demo.App              : No active profile set, falling back to 1 default profile: "default"
2024-05-07T12:48:58.533+05:30  INFO 1048 --- [ibm-springboot-demo] [restartedMain] .s.d.r.c.RepositoryConfigurationDelegate : Bootstrapping Spring Data MongoDB repositories in DEFAULT mode.
2024-05-07T12:48:58.540+05:30  INFO 1048 --- [ibm-springboot-demo] [restartedMain] .s.d.r.c.RepositoryConfigurationDelegate : Finished Spring Data repository scanning in 7 ms. Found 2 MongoDB repository interfaces.
2024-05-07T12:48:58.712+05:30  INFO 1048 --- [ibm-springboot-demo] [restartedMain] o.s.b.w.embedded.tomcat.TomcatWebServer  : Tomcat initialized with port 8090 (http)
2024-05-07T12:48:58.713+05:30  INFO 1048 --- [ibm-springboot-demo] [restartedMain] o.apache.catalina.core.StandardService   : Starting service [Tomcat]
2024-05-07T12:48:58.713+05:30  INFO 1048 --- [ibm-springboot-demo] [restartedMain] o.apache.catalina.core.StandardEngine    : Starting Servlet engine: [Apache Tomcat/10.1.19]
2024-05-07T12:48:58.726+05:30  INFO 1048 --- [ibm-springboot-demo] [restartedMain] o.a.c.c.C.[Tomcat].[localhost].[/]       : Initializing Spring embedded WebApplicationContext
2024-05-07T12:48:58.726+05:30  INFO 1048 --- [ibm-springboot-demo] [restartedMain] w.s.c.ServletWebServerApplicationContext : Root WebApplicationContext: initialization completed in 530 ms
2024-05-07T12:48:58.811+05:30  INFO 1048 --- [ibm-springboot-demo] [restartedMain] f.a.AutowiredAnnotationBeanPostProcessor : Autowired annotation is not supported on static fields: private static final org.slf4j.Logger com.ibm.springboot.demo.App.LOG
2024-05-07T12:48:58.854+05:30  INFO 1048 --- [ibm-springboot-demo] [restartedMain] org.mongodb.driver.client                : MongoClient with metadata {"driver": {"name": "mongo-java-driver|sync|spring-boot", "version": "4.11.1"}, "os": {"type": "Windows", "name": "Windows 11", "architecture": "amd64", "version": "10.0"}, "platform": "Java/Eclipse Adoptium/17.0.10+7"} created with settings MongoClientSettings{readPreference=primary, writeConcern=WriteConcern{w=null, wTimeout=null ms, journal=null}, retryWrites=true, retryReads=true, readConcern=ReadConcern{level=null}, credential=null, transportSettings=null, streamFactoryFactory=null, commandListeners=[io.micrometer.core.instrument.binder.mongodb.MongoMetricsCommandListener@7bd126a2], codecRegistry=ProvidersCodecRegistry{codecProviders=[ValueCodecProvider{}, BsonValueCodecProvider{}, DBRefCodecProvider{}, DBObjectCodecProvider{}, DocumentCodecProvider{}, CollectionCodecProvider{}, IterableCodecProvider{}, MapCodecProvider{}, GeoJsonCodecProvider{}, GridFSFileCodecProvider{}, Jsr310CodecProvider{}, JsonObjectCodecProvider{}, BsonCodecProvider{}, EnumCodecProvider{}, com.mongodb.client.model.mql.ExpressionCodecProvider@71e2f97b, com.mongodb.Jep395RecordCodecProvider@121b0acf, com.mongodb.KotlinCodecProvider@1c6b5732]}, loggerSettings=LoggerSettings{maxDocumentLength=1000}, clusterSettings={hosts=[localhost:27017], srvServiceName=mongodb, mode=SINGLE, requiredClusterType=UNKNOWN, requiredReplicaSetName='null', serverSelector='null', clusterListeners='[]', serverSelectionTimeout='30000 ms', localThreshold='15 ms'}, socketSettings=SocketSettings{connectTimeoutMS=10000, readTimeoutMS=0, receiveBufferSize=0, proxySettings=ProxySettings{host=null, port=null, username=null, password=null}}, heartbeatSocketSettings=SocketSettings{connectTimeoutMS=10000, readTimeoutMS=10000, receiveBufferSize=0, proxySettings=ProxySettings{host=null, port=null, username=null, password=null}}, connectionPoolSettings=ConnectionPoolSettings{maxSize=100, minSize=0, maxWaitTimeMS=120000, maxConnectionLifeTimeMS=0, maxConnectionIdleTimeMS=0, maintenanceInitialDelayMS=0, maintenanceFrequencyMS=60000, connectionPoolListeners=[io.micrometer.core.instrument.binder.mongodb.MongoMetricsConnectionPoolListener@3deb10bd], maxConnecting=2}, serverSettings=ServerSettings{heartbeatFrequencyMS=10000, minHeartbeatFrequencyMS=500, serverListeners='[]', serverMonitorListeners='[]'}, sslSettings=SslSettings{enabled=false, invalidHostNameAllowed=false, context=null}, applicationName='null', compressorList=[], uuidRepresentation=JAVA_LEGACY, serverApi=null, autoEncryptionSettings=null, dnsClient=null, inetAddressResolver=null, contextProvider=null}
2024-05-07T12:48:58.857+05:30  INFO 1048 --- [ibm-springboot-demo] [cluster-ClusterId{value='6639d5e2cce74232d4035aa8', description='null'}-localhost:27017] org.mongodb.driver.cluster               : Monitor thread successfully connected to server with description ServerDescription{address=localhost:27017, type=STANDALONE, state=CONNECTED, ok=true, minWireVersion=0, maxWireVersion=21, maxDocumentSize=16777216, logicalSessionTimeoutMinutes=30, roundTripTimeNanos=2053100}
2024-05-07T12:48:58.919+05:30  INFO 1048 --- [ibm-springboot-demo] [restartedMain] o.s.b.d.a.OptionalLiveReloadServer       : LiveReload server is running on port 35729
2024-05-07T12:48:59.092+05:30  WARN 1048 --- [ibm-springboot-demo] [restartedMain] ConfigServletWebServerApplicationContext : Exception encountered during context initialization - cancelling refresh attempt: org.springframework.beans.factory.BeanCreationException: Error creating bean with name 'employeeController' defined in file [C:\STS\Workspace\ibm-springboot-demo\ibm-springboot-demo\target\classes\com\ibm\springboot\demo\controller\EmployeeController.class]: Failed to instantiate [com.ibm.springboot.demo.controller.EmployeeController]: Constructor threw exception
2024-05-07T12:48:59.093+05:30  INFO 1048 --- [ibm-springboot-demo] [restartedMain] o.apache.catalina.core.StandardService   : Stopping service [Tomcat]
2024-05-07T12:48:59.104+05:30  INFO 1048 --- [ibm-springboot-demo] [restartedMain] .s.b.a.l.ConditionEvaluationReportLogger : 

Error starting ApplicationContext. To display the condition evaluation report re-run your application with 'debug' enabled.
2024-05-07T12:48:59.117+05:30 ERROR 1048 --- [ibm-springboot-demo] [restartedMain] o.s.boot.SpringApplication               : Application run failed

org.springframework.beans.factory.BeanCreationException: Error creating bean with name 'employeeController' defined in file [C:\STS\Workspace\ibm-springboot-demo\ibm-springboot-demo\target\classes\com\ibm\springboot\demo\controller\EmployeeController.class]: Failed to instantiate [com.ibm.springboot.demo.controller.EmployeeController]: Constructor threw exception
	at org.springframework.beans.factory.support.AbstractAutowireCapableBeanFactory.instantiateBean(AbstractAutowireCapableBeanFactory.java:1317) ~[spring-beans-6.1.5.jar:6.1.5]
	at org.springframework.beans.factory.support.AbstractAutowireCapableBeanFactory.createBeanInstance(AbstractAutowireCapableBeanFactory.java:1202) ~[spring-beans-6.1.5.jar:6.1.5]
	at org.springframework.beans.factory.support.AbstractAutowireCapableBeanFactory.doCreateBean(AbstractAutowireCapableBeanFactory.java:562) ~[spring-beans-6.1.5.jar:6.1.5]
	at org.springframework.beans.factory.support.AbstractAutowireCapableBeanFactory.createBean(AbstractAutowireCapableBeanFactory.java:522) ~[spring-beans-6.1.5.jar:6.1.5]
	at org.springframework.beans.factory.support.AbstractBeanFactory.lambda$doGetBean$0(AbstractBeanFactory.java:326) ~[spring-beans-6.1.5.jar:6.1.5]
	at org.springframework.beans.factory.support.DefaultSingletonBeanRegistry.getSingleton(DefaultSingletonBeanRegistry.java:234) ~[spring-beans-6.1.5.jar:6.1.5]
	at org.springframework.beans.factory.support.AbstractBeanFactory.doGetBean(AbstractBeanFactory.java:324) ~[spring-beans-6.1.5.jar:6.1.5]
	at org.springframework.beans.factory.support.AbstractBeanFactory.getBean(AbstractBeanFactory.java:200) ~[spring-beans-6.1.5.jar:6.1.5]
	at org.springframework.beans.factory.support.DefaultListableBeanFactory.preInstantiateSingletons(DefaultListableBeanFactory.java:975) ~[spring-beans-6.1.5.jar:6.1.5]
	at org.springframework.context.support.AbstractApplicationContext.finishBeanFactoryInitialization(AbstractApplicationContext.java:962) ~[spring-context-6.1.5.jar:6.1.5]
	at org.springframework.context.support.AbstractApplicationContext.refresh(AbstractApplicationContext.java:624) ~[spring-context-6.1.5.jar:6.1.5]
	at org.springframework.boot.web.servlet.context.ServletWebServerApplicationContext.refresh(ServletWebServerApplicationContext.java:146) ~[spring-boot-3.2.4.jar:3.2.4]
	at org.springframework.boot.SpringApplication.refresh(SpringApplication.java:754) ~[spring-boot-3.2.4.jar:3.2.4]
	at org.springframework.boot.SpringApplication.refreshContext(SpringApplication.java:456) ~[spring-boot-3.2.4.jar:3.2.4]
	at org.springframework.boot.SpringApplication.run(SpringApplication.java:334) ~[spring-boot-3.2.4.jar:3.2.4]
	at org.springframework.boot.SpringApplication.run(SpringApplication.java:1354) ~[spring-boot-3.2.4.jar:3.2.4]
	at org.springframework.boot.SpringApplication.run(SpringApplication.java:1343) ~[spring-boot-3.2.4.jar:3.2.4]
	at com.ibm.springboot.demo.App.main(App.java:25) ~[classes/:na]
	at java.base/jdk.internal.reflect.NativeMethodAccessorImpl.invoke0(Native Method) ~[na:na]
	at java.base/jdk.internal.reflect.NativeMethodAccessorImpl.invoke(NativeMethodAccessorImpl.java:77) ~[na:na]
	at java.base/jdk.internal.reflect.DelegatingMethodAccessorImpl.invoke(DelegatingMethodAccessorImpl.java:43) ~[na:na]
	at java.base/java.lang.reflect.Method.invoke(Method.java:568) ~[na:na]
	at org.springframework.boot.devtools.restart.RestartLauncher.run(RestartLauncher.java:50) ~[spring-boot-devtools-3.2.4.jar:3.2.4]
Caused by: org.springframework.beans.BeanInstantiationException: Failed to instantiate [com.ibm.springboot.demo.controller.EmployeeController]: Constructor threw exception
	at org.springframework.beans.BeanUtils.instantiateClass(BeanUtils.java:221) ~[spring-beans-6.1.5.jar:6.1.5]
	at org.springframework.beans.factory.support.SimpleInstantiationStrategy.instantiate(SimpleInstantiationStrategy.java:88) ~[spring-beans-6.1.5.jar:6.1.5]
	at org.springframework.beans.factory.support.AbstractAutowireCapableBeanFactory.instantiateBean(AbstractAutowireCapableBeanFactory.java:1311) ~[spring-beans-6.1.5.jar:6.1.5]
	... 22 common frames omitted
Caused by: java.lang.Error: Unresolved compilation problems: 
	Syntax error on token ")", ? expected
	Syntax error, insert ")" to complete Modifier

	at com.ibm.springboot.demo.controller.EmployeeController.<init>(EmployeeController.java:25) ~[classes/:na]
	at java.base/jdk.internal.reflect.NativeConstructorAccessorImpl.newInstance0(Native Method) ~[na:na]
	at java.base/jdk.internal.reflect.NativeConstructorAccessorImpl.newInstance(NativeConstructorAccessorImpl.java:77) ~[na:na]
	at java.base/jdk.internal.reflect.DelegatingConstructorAccessorImpl.newInstance(DelegatingConstructorAccessorImpl.java:45) ~[na:na]
	at java.base/java.lang.reflect.Constructor.newInstanceWithCaller(Constructor.java:499) ~[na:na]
	at java.base/java.lang.reflect.Constructor.newInstance(Constructor.java:480) ~[na:na]
	at org.springframework.beans.BeanUtils.instantiateClass(BeanUtils.java:195) ~[spring-beans-6.1.5.jar:6.1.5]
	... 24 common frames omitted

2024-05-07T12:49:37.615+05:30  INFO 1048 --- [ibm-springboot-demo] [restartedMain] com.ibm.springboot.demo.App              : Starting.....
2024-05-07T12:49:37.615+05:30  WARN 1048 --- [ibm-springboot-demo] [restartedMain] com.ibm.springboot.demo.App              : It's a warning........
2024-05-07T12:49:37.615+05:30 ERROR 1048 --- [ibm-springboot-demo] [restartedMain] com.ibm.springboot.demo.App              : It's an error.........
2024-05-07T12:49:37.640+05:30  INFO 1048 --- [ibm-springboot-demo] [restartedMain] com.ibm.springboot.demo.App              : Starting App using Java 17.0.10 with PID 1048 (C:\STS\Workspace\ibm-springboot-demo\ibm-springboot-demo\target\classes started by IshwarWani in C:\STS\Workspace\ibm-springboot-demo\ibm-springboot-demo)
2024-05-07T12:49:37.640+05:30  INFO 1048 --- [ibm-springboot-demo] [restartedMain] com.ibm.springboot.demo.App              : No active profile set, falling back to 1 default profile: "default"
2024-05-07T12:49:37.797+05:30  INFO 1048 --- [ibm-springboot-demo] [restartedMain] .s.d.r.c.RepositoryConfigurationDelegate : Bootstrapping Spring Data MongoDB repositories in DEFAULT mode.
2024-05-07T12:49:37.803+05:30  INFO 1048 --- [ibm-springboot-demo] [restartedMain] .s.d.r.c.RepositoryConfigurationDelegate : Finished Spring Data repository scanning in 5 ms. Found 2 MongoDB repository interfaces.
2024-05-07T12:49:37.919+05:30  INFO 1048 --- [ibm-springboot-demo] [restartedMain] o.s.b.w.embedded.tomcat.TomcatWebServer  : Tomcat initialized with port 8090 (http)
2024-05-07T12:49:37.920+05:30  INFO 1048 --- [ibm-springboot-demo] [restartedMain] o.apache.catalina.core.StandardService   : Starting service [Tomcat]
2024-05-07T12:49:37.920+05:30  INFO 1048 --- [ibm-springboot-demo] [restartedMain] o.apache.catalina.core.StandardEngine    : Starting Servlet engine: [Apache Tomcat/10.1.19]
2024-05-07T12:49:37.933+05:30  INFO 1048 --- [ibm-springboot-demo] [restartedMain] o.a.c.c.C.[Tomcat-1].[localhost].[/]     : Initializing Spring embedded WebApplicationContext
2024-05-07T12:49:37.933+05:30  INFO 1048 --- [ibm-springboot-demo] [restartedMain] w.s.c.ServletWebServerApplicationContext : Root WebApplicationContext: initialization completed in 291 ms
2024-05-07T12:49:37.996+05:30  INFO 1048 --- [ibm-springboot-demo] [restartedMain] f.a.AutowiredAnnotationBeanPostProcessor : Autowired annotation is not supported on static fields: private static final org.slf4j.Logger com.ibm.springboot.demo.App.LOG
2024-05-07T12:49:38.029+05:30  INFO 1048 --- [ibm-springboot-demo] [restartedMain] org.mongodb.driver.client                : MongoClient with metadata {"driver": {"name": "mongo-java-driver|sync|spring-boot", "version": "4.11.1"}, "os": {"type": "Windows", "name": "Windows 11", "architecture": "amd64", "version": "10.0"}, "platform": "Java/Eclipse Adoptium/17.0.10+7"} created with settings MongoClientSettings{readPreference=primary, writeConcern=WriteConcern{w=null, wTimeout=null ms, journal=null}, retryWrites=true, retryReads=true, readConcern=ReadConcern{level=null}, credential=null, transportSettings=null, streamFactoryFactory=null, commandListeners=[io.micrometer.core.instrument.binder.mongodb.MongoMetricsCommandListener@2238979a], codecRegistry=ProvidersCodecRegistry{codecProviders=[ValueCodecProvider{}, BsonValueCodecProvider{}, DBRefCodecProvider{}, DBObjectCodecProvider{}, DocumentCodecProvider{}, CollectionCodecProvider{}, IterableCodecProvider{}, MapCodecProvider{}, GeoJsonCodecProvider{}, GridFSFileCodecProvider{}, Jsr310CodecProvider{}, JsonObjectCodecProvider{}, BsonCodecProvider{}, EnumCodecProvider{}, com.mongodb.client.model.mql.ExpressionCodecProvider@71e2f97b, com.mongodb.Jep395RecordCodecProvider@121b0acf, com.mongodb.KotlinCodecProvider@1c6b5732]}, loggerSettings=LoggerSettings{maxDocumentLength=1000}, clusterSettings={hosts=[localhost:27017], srvServiceName=mongodb, mode=SINGLE, requiredClusterType=UNKNOWN, requiredReplicaSetName='null', serverSelector='null', clusterListeners='[]', serverSelectionTimeout='30000 ms', localThreshold='15 ms'}, socketSettings=SocketSettings{connectTimeoutMS=10000, readTimeoutMS=0, receiveBufferSize=0, proxySettings=ProxySettings{host=null, port=null, username=null, password=null}}, heartbeatSocketSettings=SocketSettings{connectTimeoutMS=10000, readTimeoutMS=10000, receiveBufferSize=0, proxySettings=ProxySettings{host=null, port=null, username=null, password=null}}, connectionPoolSettings=ConnectionPoolSettings{maxSize=100, minSize=0, maxWaitTimeMS=120000, maxConnectionLifeTimeMS=0, maxConnectionIdleTimeMS=0, maintenanceInitialDelayMS=0, maintenanceFrequencyMS=60000, connectionPoolListeners=[io.micrometer.core.instrument.binder.mongodb.MongoMetricsConnectionPoolListener@40c015c7], maxConnecting=2}, serverSettings=ServerSettings{heartbeatFrequencyMS=10000, minHeartbeatFrequencyMS=500, serverListeners='[]', serverMonitorListeners='[]'}, sslSettings=SslSettings{enabled=false, invalidHostNameAllowed=false, context=null}, applicationName='null', compressorList=[], uuidRepresentation=JAVA_LEGACY, serverApi=null, autoEncryptionSettings=null, dnsClient=null, inetAddressResolver=null, contextProvider=null}
2024-05-07T12:49:38.032+05:30  INFO 1048 --- [ibm-springboot-demo] [cluster-ClusterId{value='6639d60acce74232d4035aa9', description='null'}-localhost:27017] org.mongodb.driver.cluster               : Monitor thread successfully connected to server with description ServerDescription{address=localhost:27017, type=STANDALONE, state=CONNECTED, ok=true, minWireVersion=0, maxWireVersion=21, maxDocumentSize=16777216, logicalSessionTimeoutMinutes=30, roundTripTimeNanos=1568200}
2024-05-07T12:49:38.085+05:30  INFO 1048 --- [ibm-springboot-demo] [restartedMain] o.s.b.d.a.OptionalLiveReloadServer       : LiveReload server is running on port 35729
2024-05-07T12:49:38.864+05:30  INFO 1048 --- [ibm-springboot-demo] [restartedMain] o.s.b.a.e.web.EndpointLinksResolver      : Exposing 15 endpoint(s) beneath base path '/actuator'
2024-05-07T12:49:38.893+05:30  INFO 1048 --- [ibm-springboot-demo] [restartedMain] o.s.b.w.embedded.tomcat.TomcatWebServer  : Tomcat started on port 8090 (http) with context path ''
2024-05-07T12:49:38.899+05:30  INFO 1048 --- [ibm-springboot-demo] [restartedMain] com.ibm.springboot.demo.App              : Started App in 1.277 seconds (process running for 77175.426)
2024-05-07T12:49:38.901+05:30  INFO 1048 --- [ibm-springboot-demo] [restartedMain] .ConditionEvaluationDeltaLoggingListener : Condition evaluation unchanged
2024-05-07T12:52:25.320+05:30  INFO 1048 --- [ibm-springboot-demo] [http-nio-8090-exec-2] o.a.c.c.C.[Tomcat-1].[localhost].[/]     : Initializing Spring DispatcherServlet 'dispatcherServlet'
2024-05-07T12:52:25.320+05:30  INFO 1048 --- [ibm-springboot-demo] [http-nio-8090-exec-2] o.s.web.servlet.DispatcherServlet        : Initializing Servlet 'dispatcherServlet'
2024-05-07T12:52:25.321+05:30  INFO 1048 --- [ibm-springboot-demo] [http-nio-8090-exec-2] o.s.web.servlet.DispatcherServlet        : Completed initialization in 1 ms
2024-05-07T13:02:09.482+05:30  INFO 1048 --- [ibm-springboot-demo] [http-nio-8090-exec-8] c.i.s.demo.aspect.EmployeeServiceAspect  : Before a method from EmployeeServiceImpl was invoked.
2024-05-07T13:02:09.483+05:30  INFO 1048 --- [ibm-springboot-demo] [http-nio-8090-exec-8] c.i.s.demo.service.EmployeeServiceImpl   : getAllEmployees
2024-05-07T13:02:09.500+05:30  INFO 1048 --- [ibm-springboot-demo] [http-nio-8090-exec-8] c.i.s.demo.aspect.EmployeeServiceAspect  : AfterReturing a method from EmployeeServiceImpl was invoked.
2024-05-07T13:02:09.500+05:30  INFO 1048 --- [ibm-springboot-demo] [http-nio-8090-exec-8] c.i.s.demo.aspect.EmployeeServiceAspect  : After a method from EmployeeServiceImpl was invoked.
2024-05-07T13:02:36.186+05:30  INFO 1048 --- [ibm-springboot-demo] [File Watcher] rtingClassPathChangeChangedEventListener : Restarting due to 1 class path change (0 additions, 0 deletions, 1 modification)
2024-05-07T13:02:36.248+05:30  INFO 1048 --- [ibm-springboot-demo] [restartedMain] com.ibm.springboot.demo.App              : Starting.....
2024-05-07T13:02:36.248+05:30  WARN 1048 --- [ibm-springboot-demo] [restartedMain] com.ibm.springboot.demo.App              : It's a warning........
2024-05-07T13:02:36.248+05:30 ERROR 1048 --- [ibm-springboot-demo] [restartedMain] com.ibm.springboot.demo.App              : It's an error.........
2024-05-07T13:02:36.272+05:30  INFO 1048 --- [ibm-springboot-demo] [restartedMain] com.ibm.springboot.demo.App              : Starting App using Java 17.0.10 with PID 1048 (C:\STS\Workspace\ibm-springboot-demo\ibm-springboot-demo\target\classes started by IshwarWani in C:\STS\Workspace\ibm-springboot-demo\ibm-springboot-demo)
2024-05-07T13:02:36.272+05:30  INFO 1048 --- [ibm-springboot-demo] [restartedMain] com.ibm.springboot.demo.App              : No active profile set, falling back to 1 default profile: "default"
2024-05-07T13:02:36.449+05:30  INFO 1048 --- [ibm-springboot-demo] [restartedMain] .s.d.r.c.RepositoryConfigurationDelegate : Bootstrapping Spring Data MongoDB repositories in DEFAULT mode.
2024-05-07T13:02:36.456+05:30  INFO 1048 --- [ibm-springboot-demo] [restartedMain] .s.d.r.c.RepositoryConfigurationDelegate : Finished Spring Data repository scanning in 7 ms. Found 2 MongoDB repository interfaces.
2024-05-07T13:02:36.565+05:30  INFO 1048 --- [ibm-springboot-demo] [restartedMain] o.s.b.w.embedded.tomcat.TomcatWebServer  : Tomcat initialized with port 8090 (http)
2024-05-07T13:02:36.565+05:30  INFO 1048 --- [ibm-springboot-demo] [restartedMain] o.apache.catalina.core.StandardService   : Starting service [Tomcat]
2024-05-07T13:02:36.565+05:30  INFO 1048 --- [ibm-springboot-demo] [restartedMain] o.apache.catalina.core.StandardEngine    : Starting Servlet engine: [Apache Tomcat/10.1.19]
2024-05-07T13:02:36.575+05:30  INFO 1048 --- [ibm-springboot-demo] [restartedMain] o.a.c.c.C.[Tomcat-1].[localhost].[/]     : Initializing Spring embedded WebApplicationContext
2024-05-07T13:02:36.575+05:30  INFO 1048 --- [ibm-springboot-demo] [restartedMain] w.s.c.ServletWebServerApplicationContext : Root WebApplicationContext: initialization completed in 301 ms
2024-05-07T13:02:36.653+05:30  INFO 1048 --- [ibm-springboot-demo] [restartedMain] f.a.AutowiredAnnotationBeanPostProcessor : Autowired annotation is not supported on static fields: private static final org.slf4j.Logger com.ibm.springboot.demo.App.LOG
2024-05-07T13:02:36.699+05:30  INFO 1048 --- [ibm-springboot-demo] [restartedMain] org.mongodb.driver.client                : MongoClient with metadata {"driver": {"name": "mongo-java-driver|sync|spring-boot", "version": "4.11.1"}, "os": {"type": "Windows", "name": "Windows 11", "architecture": "amd64", "version": "10.0"}, "platform": "Java/Eclipse Adoptium/17.0.10+7"} created with settings MongoClientSettings{readPreference=primary, writeConcern=WriteConcern{w=null, wTimeout=null ms, journal=null}, retryWrites=true, retryReads=true, readConcern=ReadConcern{level=null}, credential=null, transportSettings=null, streamFactoryFactory=null, commandListeners=[io.micrometer.core.instrument.binder.mongodb.MongoMetricsCommandListener@221189b4], codecRegistry=ProvidersCodecRegistry{codecProviders=[ValueCodecProvider{}, BsonValueCodecProvider{}, DBRefCodecProvider{}, DBObjectCodecProvider{}, DocumentCodecProvider{}, CollectionCodecProvider{}, IterableCodecProvider{}, MapCodecProvider{}, GeoJsonCodecProvider{}, GridFSFileCodecProvider{}, Jsr310CodecProvider{}, JsonObjectCodecProvider{}, BsonCodecProvider{}, EnumCodecProvider{}, com.mongodb.client.model.mql.ExpressionCodecProvider@71e2f97b, com.mongodb.Jep395RecordCodecProvider@121b0acf, com.mongodb.KotlinCodecProvider@1c6b5732]}, loggerSettings=LoggerSettings{maxDocumentLength=1000}, clusterSettings={hosts=[localhost:27017], srvServiceName=mongodb, mode=SINGLE, requiredClusterType=UNKNOWN, requiredReplicaSetName='null', serverSelector='null', clusterListeners='[]', serverSelectionTimeout='30000 ms', localThreshold='15 ms'}, socketSettings=SocketSettings{connectTimeoutMS=10000, readTimeoutMS=0, receiveBufferSize=0, proxySettings=ProxySettings{host=null, port=null, username=null, password=null}}, heartbeatSocketSettings=SocketSettings{connectTimeoutMS=10000, readTimeoutMS=10000, receiveBufferSize=0, proxySettings=ProxySettings{host=null, port=null, username=null, password=null}}, connectionPoolSettings=ConnectionPoolSettings{maxSize=100, minSize=0, maxWaitTimeMS=120000, maxConnectionLifeTimeMS=0, maxConnectionIdleTimeMS=0, maintenanceInitialDelayMS=0, maintenanceFrequencyMS=60000, connectionPoolListeners=[io.micrometer.core.instrument.binder.mongodb.MongoMetricsConnectionPoolListener@6fcf7618], maxConnecting=2}, serverSettings=ServerSettings{heartbeatFrequencyMS=10000, minHeartbeatFrequencyMS=500, serverListeners='[]', serverMonitorListeners='[]'}, sslSettings=SslSettings{enabled=false, invalidHostNameAllowed=false, context=null}, applicationName='null', compressorList=[], uuidRepresentation=JAVA_LEGACY, serverApi=null, autoEncryptionSettings=null, dnsClient=null, inetAddressResolver=null, contextProvider=null}
2024-05-07T13:02:36.701+05:30  INFO 1048 --- [ibm-springboot-demo] [cluster-ClusterId{value='6639d914cce74232d4035aaa', description='null'}-localhost:27017] org.mongodb.driver.cluster               : Monitor thread successfully connected to server with description ServerDescription{address=localhost:27017, type=STANDALONE, state=CONNECTED, ok=true, minWireVersion=0, maxWireVersion=21, maxDocumentSize=16777216, logicalSessionTimeoutMinutes=30, roundTripTimeNanos=1598200}
2024-05-07T13:02:36.755+05:30  INFO 1048 --- [ibm-springboot-demo] [restartedMain] o.s.b.d.a.OptionalLiveReloadServer       : LiveReload server is running on port 35729
2024-05-07T13:02:37.527+05:30  INFO 1048 --- [ibm-springboot-demo] [restartedMain] o.s.b.a.e.web.EndpointLinksResolver      : Exposing 15 endpoint(s) beneath base path '/actuator'
2024-05-07T13:02:37.551+05:30  INFO 1048 --- [ibm-springboot-demo] [restartedMain] o.s.b.w.embedded.tomcat.TomcatWebServer  : Tomcat started on port 8090 (http) with context path ''
2024-05-07T13:02:37.557+05:30  INFO 1048 --- [ibm-springboot-demo] [restartedMain] com.ibm.springboot.demo.App              : Started App in 1.305 seconds (process running for 77954.084)
2024-05-07T13:02:37.559+05:30  INFO 1048 --- [ibm-springboot-demo] [restartedMain] .ConditionEvaluationDeltaLoggingListener : Condition evaluation unchanged
2024-05-07T13:02:37.938+05:30  INFO 1048 --- [ibm-springboot-demo] [http-nio-8090-exec-2] o.a.c.c.C.[Tomcat-1].[localhost].[/]     : Initializing Spring DispatcherServlet 'dispatcherServlet'
2024-05-07T13:02:37.938+05:30  INFO 1048 --- [ibm-springboot-demo] [http-nio-8090-exec-2] o.s.web.servlet.DispatcherServlet        : Initializing Servlet 'dispatcherServlet'
2024-05-07T13:02:37.939+05:30  INFO 1048 --- [ibm-springboot-demo] [http-nio-8090-exec-2] o.s.web.servlet.DispatcherServlet        : Completed initialization in 1 ms
2024-05-07T13:02:37.940+05:30  INFO 1048 --- [ibm-springboot-demo] [http-nio-8090-exec-2] c.i.s.demo.aspect.EmployeeServiceAspect  : Before a method from EmployeeServiceImpl was invoked.
2024-05-07T13:02:37.940+05:30  INFO 1048 --- [ibm-springboot-demo] [http-nio-8090-exec-2] c.i.s.demo.service.EmployeeServiceImpl   : 662f58b6ca9ac58a23c18b8d
2024-05-07T13:02:37.965+05:30  INFO 1048 --- [ibm-springboot-demo] [http-nio-8090-exec-2] c.i.s.demo.aspect.EmployeeServiceAspect  : AfterReturing a method from EmployeeServiceImpl was invoked.
2024-05-07T13:02:37.965+05:30  INFO 1048 --- [ibm-springboot-demo] [http-nio-8090-exec-2] c.i.s.demo.aspect.EmployeeServiceAspect  : After a method from EmployeeServiceImpl was invoked.
2024-05-07T16:47:17.956+05:30  INFO 1048 --- [ibm-springboot-demo] [http-nio-8090-exec-9] c.i.s.demo.aspect.EmployeeServiceAspect  : Before a method from EmployeeServiceImpl was invoked.
2024-05-07T16:47:17.964+05:30  INFO 1048 --- [ibm-springboot-demo] [http-nio-8090-exec-9] c.i.s.demo.service.EmployeeServiceImpl   : Employee [employeeId=null, firstName=null, salary=12123.0]
2024-05-07T16:47:18.052+05:30  INFO 1048 --- [ibm-springboot-demo] [http-nio-8090-exec-9] c.i.s.demo.aspect.EmployeeServiceAspect  : AfterReturing a method from EmployeeServiceImpl was invoked.
2024-05-07T16:47:18.052+05:30  INFO 1048 --- [ibm-springboot-demo] [http-nio-8090-exec-9] c.i.s.demo.aspect.EmployeeServiceAspect  : After a method from EmployeeServiceImpl was invoked.
2024-05-07T16:47:30.177+05:30  INFO 1048 --- [ibm-springboot-demo] [http-nio-8090-exec-10] c.i.s.demo.aspect.EmployeeServiceAspect  : Before a method from EmployeeServiceImpl was invoked.
2024-05-07T16:47:30.177+05:30  INFO 1048 --- [ibm-springboot-demo] [http-nio-8090-exec-10] c.i.s.demo.service.EmployeeServiceImpl   : Employee [employeeId=null, firstName=null, salary=12123.0]
2024-05-07T16:47:30.184+05:30  INFO 1048 --- [ibm-springboot-demo] [http-nio-8090-exec-10] c.i.s.demo.aspect.EmployeeServiceAspect  : AfterReturing a method from EmployeeServiceImpl was invoked.
2024-05-07T16:47:30.184+05:30  INFO 1048 --- [ibm-springboot-demo] [http-nio-8090-exec-10] c.i.s.demo.aspect.EmployeeServiceAspect  : After a method from EmployeeServiceImpl was invoked.
2024-05-07T16:48:38.689+05:30  INFO 1048 --- [ibm-springboot-demo] [http-nio-8090-exec-2] c.i.s.demo.aspect.EmployeeServiceAspect  : Before a method from EmployeeServiceImpl was invoked.
2024-05-07T16:48:38.690+05:30  INFO 1048 --- [ibm-springboot-demo] [http-nio-8090-exec-2] c.i.s.demo.service.EmployeeServiceImpl   : Employee [employeeId=null, firstName=null, salary=12123.0]
2024-05-07T16:48:38.694+05:30  INFO 1048 --- [ibm-springboot-demo] [http-nio-8090-exec-2] c.i.s.demo.aspect.EmployeeServiceAspect  : AfterReturing a method from EmployeeServiceImpl was invoked.
2024-05-07T16:48:38.694+05:30  INFO 1048 --- [ibm-springboot-demo] [http-nio-8090-exec-2] c.i.s.demo.aspect.EmployeeServiceAspect  : After a method from EmployeeServiceImpl was invoked.
2024-05-07T16:57:37.464+05:30  INFO 1048 --- [ibm-springboot-demo] [http-nio-8090-exec-4] c.i.s.demo.aspect.EmployeeServiceAspect  : Before a method from EmployeeServiceImpl was invoked.
2024-05-07T16:57:37.465+05:30  INFO 1048 --- [ibm-springboot-demo] [http-nio-8090-exec-4] c.i.s.demo.service.EmployeeServiceImpl   : Employee [employeeId=null, firstName=null, salary=12123.0]
2024-05-07T16:57:37.470+05:30  INFO 1048 --- [ibm-springboot-demo] [http-nio-8090-exec-4] c.i.s.demo.aspect.EmployeeServiceAspect  : AfterReturing a method from EmployeeServiceImpl was invoked.
2024-05-07T16:57:37.470+05:30  INFO 1048 --- [ibm-springboot-demo] [http-nio-8090-exec-4] c.i.s.demo.aspect.EmployeeServiceAspect  : After a method from EmployeeServiceImpl was invoked.
2024-05-07T16:59:30.356+05:30  INFO 1048 --- [ibm-springboot-demo] [http-nio-8090-exec-7] c.i.s.demo.aspect.EmployeeServiceAspect  : Before a method from EmployeeServiceImpl was invoked.
2024-05-07T16:59:30.357+05:30  INFO 1048 --- [ibm-springboot-demo] [http-nio-8090-exec-7] c.i.s.demo.service.EmployeeServiceImpl   : Employee [employeeId=null, firstName=null, salary=12123.0]
2024-05-07T16:59:30.362+05:30  INFO 1048 --- [ibm-springboot-demo] [http-nio-8090-exec-7] c.i.s.demo.aspect.EmployeeServiceAspect  : AfterReturing a method from EmployeeServiceImpl was invoked.
2024-05-07T16:59:30.362+05:30  INFO 1048 --- [ibm-springboot-demo] [http-nio-8090-exec-7] c.i.s.demo.aspect.EmployeeServiceAspect  : After a method from EmployeeServiceImpl was invoked.
2024-05-07T17:01:24.133+05:30  INFO 1048 --- [ibm-springboot-demo] [http-nio-8090-exec-8] c.i.s.demo.aspect.EmployeeServiceAspect  : Before a method from EmployeeServiceImpl was invoked.
2024-05-07T17:01:24.134+05:30  INFO 1048 --- [ibm-springboot-demo] [http-nio-8090-exec-8] c.i.s.demo.service.EmployeeServiceImpl   : Employee [employeeId=null, firstName=null, salary=12123.0]
2024-05-07T17:01:24.143+05:30  INFO 1048 --- [ibm-springboot-demo] [http-nio-8090-exec-8] c.i.s.demo.aspect.EmployeeServiceAspect  : AfterReturing a method from EmployeeServiceImpl was invoked.
2024-05-07T17:01:24.143+05:30  INFO 1048 --- [ibm-springboot-demo] [http-nio-8090-exec-8] c.i.s.demo.aspect.EmployeeServiceAspect  : After a method from EmployeeServiceImpl was invoked.
2024-05-07T17:02:44.162+05:30  INFO 1048 --- [ibm-springboot-demo] [http-nio-8090-exec-10] c.i.s.demo.aspect.EmployeeServiceAspect  : Before a method from EmployeeServiceImpl was invoked.
2024-05-07T17:02:44.162+05:30  INFO 1048 --- [ibm-springboot-demo] [http-nio-8090-exec-10] c.i.s.demo.service.EmployeeServiceImpl   : Employee [employeeId=null, firstName=null, salary=12123.0]
2024-05-07T17:02:44.166+05:30  INFO 1048 --- [ibm-springboot-demo] [http-nio-8090-exec-10] c.i.s.demo.aspect.EmployeeServiceAspect  : AfterReturing a method from EmployeeServiceImpl was invoked.
2024-05-07T17:02:44.166+05:30  INFO 1048 --- [ibm-springboot-demo] [http-nio-8090-exec-10] c.i.s.demo.aspect.EmployeeServiceAspect  : After a method from EmployeeServiceImpl was invoked.
2024-05-07T17:03:13.097+05:30  INFO 1048 --- [ibm-springboot-demo] [http-nio-8090-exec-1] c.i.s.demo.aspect.EmployeeServiceAspect  : Before a method from EmployeeServiceImpl was invoked.
2024-05-07T17:03:13.097+05:30  INFO 1048 --- [ibm-springboot-demo] [http-nio-8090-exec-1] c.i.s.demo.service.EmployeeServiceImpl   : Employee [employeeId=null, firstName=null, salary=12123.0]
2024-05-07T17:03:13.104+05:30  INFO 1048 --- [ibm-springboot-demo] [http-nio-8090-exec-1] c.i.s.demo.aspect.EmployeeServiceAspect  : AfterReturing a method from EmployeeServiceImpl was invoked.
2024-05-07T17:03:13.105+05:30  INFO 1048 --- [ibm-springboot-demo] [http-nio-8090-exec-1] c.i.s.demo.aspect.EmployeeServiceAspect  : After a method from EmployeeServiceImpl was invoked.
